<?xml version="1.0" encoding="UTF-8"?>
<testsuites>
  <testsuite name="" tests="181" assertions="391" errors="0" warnings="0" failures="11" skipped="0" time="0.262222">
    <testsuite name="S2_S5_S6" tests="181" assertions="391" errors="0" warnings="0" failures="11" skipped="0" time="0.262222">
      <testsuite name="UmbrellaTests\S2DoctorManagementTest" file="C:\laragon\www\umbrella-unit-tests-s2-s5-s6\tests\S2DoctorManagementTest.php" tests="50" assertions="119" errors="0" warnings="0" failures="1" skipped="0" time="0.122010">
        <testcase name="test_TC_S2_01_getById_whenDoctorExists_returnsSuccess" class="UmbrellaTests\S2DoctorManagementTest" classname="UmbrellaTests.S2DoctorManagementTest" file="C:\laragon\www\umbrella-unit-tests-s2-s5-s6\tests\S2DoctorManagementTest.php" line="18" assertions="2" time="0.006459"/>
        <testcase name="test_TC_S2_02_getById_whenIdMissing_returnsError" class="UmbrellaTests\S2DoctorManagementTest" classname="UmbrellaTests.S2DoctorManagementTest" file="C:\laragon\www\umbrella-unit-tests-s2-s5-s6\tests\S2DoctorManagementTest.php" line="34" assertions="2" time="0.001068"/>
        <testcase name="test_TC_S2_03_getById_invalidId_returnsNotAvailable" class="UmbrellaTests\S2DoctorManagementTest" classname="UmbrellaTests.S2DoctorManagementTest" file="C:\laragon\www\umbrella-unit-tests-s2-s5-s6\tests\S2DoctorManagementTest.php" line="49" assertions="1" time="0.001150"/>
        <testcase name="test_TC_S2_04_update_admin_validData_returnsSuccess" class="UmbrellaTests\S2DoctorManagementTest" classname="UmbrellaTests.S2DoctorManagementTest" file="C:\laragon\www\umbrella-unit-tests-s2-s5-s6\tests\S2DoctorManagementTest.php" line="67" assertions="6" time="0.003264"/>
        <testcase name="test_TC_S2_05_update_member_notAdmin_returnsError" class="UmbrellaTests\S2DoctorManagementTest" classname="UmbrellaTests.S2DoctorManagementTest" file="C:\laragon\www\umbrella-unit-tests-s2-s5-s6\tests\S2DoctorManagementTest.php" line="100" assertions="2" time="0.000807"/>
        <testcase name="test_TC_S2_06_update_invalidName_returnsError" class="UmbrellaTests\S2DoctorManagementTest" classname="UmbrellaTests.S2DoctorManagementTest" file="C:\laragon\www\umbrella-unit-tests-s2-s5-s6\tests\S2DoctorManagementTest.php" line="125" assertions="2" time="0.001046"/>
        <testcase name="test_TC_S2_07_update_invalidPhone_returnsError" class="UmbrellaTests\S2DoctorManagementTest" classname="UmbrellaTests.S2DoctorManagementTest" file="C:\laragon\www\umbrella-unit-tests-s2-s5-s6\tests\S2DoctorManagementTest.php" line="150" assertions="2" time="0.000945"/>
        <testcase name="test_TC_S2_08_update_invalidRole_returnsError" class="UmbrellaTests\S2DoctorManagementTest" classname="UmbrellaTests.S2DoctorManagementTest" file="C:\laragon\www\umbrella-unit-tests-s2-s5-s6\tests\S2DoctorManagementTest.php" line="175" assertions="1" time="0.000933"/>
        <testcase name="test_TC_S2_09_update_priceBelow100k_returnsError" class="UmbrellaTests\S2DoctorManagementTest" classname="UmbrellaTests.S2DoctorManagementTest" file="C:\laragon\www\umbrella-unit-tests-s2-s5-s6\tests\S2DoctorManagementTest.php" line="199" assertions="3" time="0.001719"/>
        <testcase name="test_TC_S2_10_delete_doctorWithAppointments_deactivates" class="UmbrellaTests\S2DoctorManagementTest" classname="UmbrellaTests.S2DoctorManagementTest" file="C:\laragon\www\umbrella-unit-tests-s2-s5-s6\tests\S2DoctorManagementTest.php" line="232" assertions="6" time="0.001983"/>
        <testcase name="test_TC_S2_11_delete_doctorWithoutAppointments_hardDeletes" class="UmbrellaTests\S2DoctorManagementTest" classname="UmbrellaTests.S2DoctorManagementTest" file="C:\laragon\www\umbrella-unit-tests-s2-s5-s6\tests\S2DoctorManagementTest.php" line="267" assertions="3" time="0.001354"/>
        <testcase name="test_TC_S2_12_delete_self_returnsError" class="UmbrellaTests\S2DoctorManagementTest" classname="UmbrellaTests.S2DoctorManagementTest" file="C:\laragon\www\umbrella-unit-tests-s2-s5-s6\tests\S2DoctorManagementTest.php" line="292" assertions="2" time="0.000725"/>
        <testcase name="test_TC_S2_13_delete_inactiveDoctor_returnsAlreadyDeactivated" class="UmbrellaTests\S2DoctorManagementTest" classname="UmbrellaTests.S2DoctorManagementTest" file="C:\laragon\www\umbrella-unit-tests-s2-s5-s6\tests\S2DoctorManagementTest.php" line="308" assertions="3" time="0.001394"/>
        <testcase name="test_TC_S2_14_getById_returnsExpectedPayload" class="UmbrellaTests\S2DoctorManagementTest" classname="UmbrellaTests.S2DoctorManagementTest" file="C:\laragon\www\umbrella-unit-tests-s2-s5-s6\tests\S2DoctorManagementTest.php" line="332" assertions="4" time="0.001565"/>
        <testcase name="test_TC_S2_15_update_missingPhone_returnsMissingField" class="UmbrellaTests\S2DoctorManagementTest" classname="UmbrellaTests.S2DoctorManagementTest" file="C:\laragon\www\umbrella-unit-tests-s2-s5-s6\tests\S2DoctorManagementTest.php" line="350" assertions="2" time="0.000974"/>
        <testcase name="test_TC_S2_16_delete_doctorWithoutAppointments_returnsSuccessMessage" class="UmbrellaTests\S2DoctorManagementTest" classname="UmbrellaTests.S2DoctorManagementTest" file="C:\laragon\www\umbrella-unit-tests-s2-s5-s6\tests\S2DoctorManagementTest.php" line="374" assertions="2" time="0.001017"/>
        <testcase name="test_TC_S2_17_getById_returnsSeededDoctorName" class="UmbrellaTests\S2DoctorManagementTest" classname="UmbrellaTests.S2DoctorManagementTest" file="C:\laragon\www\umbrella-unit-tests-s2-s5-s6\tests\S2DoctorManagementTest.php" line="394" assertions="1" time="0.001206"/>
        <testcase name="test_TC_S2_18_getById_returnsSeededDoctorPrice" class="UmbrellaTests\S2DoctorManagementTest" classname="UmbrellaTests.S2DoctorManagementTest" file="C:\laragon\www\umbrella-unit-tests-s2-s5-s6\tests\S2DoctorManagementTest.php" line="409" assertions="1" time="0.001198"/>
        <testcase name="test_TC_S2_19_delete_memberNotAdmin_returnsError" class="UmbrellaTests\S2DoctorManagementTest" classname="UmbrellaTests.S2DoctorManagementTest" file="C:\laragon\www\umbrella-unit-tests-s2-s5-s6\tests\S2DoctorManagementTest.php" line="424" assertions="2" time="0.000737"/>
        <testcase name="test_TC_S2_20_delete_missingRouteId_returnsError" class="UmbrellaTests\S2DoctorManagementTest" classname="UmbrellaTests.S2DoctorManagementTest" file="C:\laragon\www\umbrella-unit-tests-s2-s5-s6\tests\S2DoctorManagementTest.php" line="440" assertions="2" time="0.000730"/>
        <testcase name="test_TC_S2_21_delete_doctorNotExists_returnsError" class="UmbrellaTests\S2DoctorManagementTest" classname="UmbrellaTests.S2DoctorManagementTest" file="C:\laragon\www\umbrella-unit-tests-s2-s5-s6\tests\S2DoctorManagementTest.php" line="455" assertions="2" time="0.000883"/>
        <testcase name="test_TC_S2_22_update_missingRouteId_returnsError" class="UmbrellaTests\S2DoctorManagementTest" classname="UmbrellaTests.S2DoctorManagementTest" file="C:\laragon\www\umbrella-unit-tests-s2-s5-s6\tests\S2DoctorManagementTest.php" line="471" assertions="2" time="0.000767"/>
        <testcase name="test_TC_S2_23_update_doctorNotExists_returnsError" class="UmbrellaTests\S2DoctorManagementTest" classname="UmbrellaTests.S2DoctorManagementTest" file="C:\laragon\www\umbrella-unit-tests-s2-s5-s6\tests\S2DoctorManagementTest.php" line="495" assertions="2" time="0.000968"/>
        <testcase name="test_TC_S2_24_update_invalidSpecialityId_returnsError" class="UmbrellaTests\S2DoctorManagementTest" classname="UmbrellaTests.S2DoctorManagementTest" file="C:\laragon\www\umbrella-unit-tests-s2-s5-s6\tests\S2DoctorManagementTest.php" line="520" assertions="2" time="0.001099"/>
        <testcase name="test_TC_S2_25_update_invalidRoomId_returnsError" class="UmbrellaTests\S2DoctorManagementTest" classname="UmbrellaTests.S2DoctorManagementTest" file="C:\laragon\www\umbrella-unit-tests-s2-s5-s6\tests\S2DoctorManagementTest.php" line="545" assertions="2" time="0.001254"/>
        <testcase name="test_TC_S2_26_update_phoneTooShort_returnsError" class="UmbrellaTests\S2DoctorManagementTest" classname="UmbrellaTests.S2DoctorManagementTest" file="C:\laragon\www\umbrella-unit-tests-s2-s5-s6\tests\S2DoctorManagementTest.php" line="570" assertions="2" time="0.001029"/>
        <testcase name="test_TC_S2_27_update_roleSupporter_allowed" class="UmbrellaTests\S2DoctorManagementTest" classname="UmbrellaTests.S2DoctorManagementTest" file="C:\laragon\www\umbrella-unit-tests-s2-s5-s6\tests\S2DoctorManagementTest.php" line="595" assertions="3" time="0.002152"/>
        <testcase name="test_TC_S2_28_update_priceNonNumeric_returnsError" class="UmbrellaTests\S2DoctorManagementTest" classname="UmbrellaTests.S2DoctorManagementTest" file="C:\laragon\www\umbrella-unit-tests-s2-s5-s6\tests\S2DoctorManagementTest.php" line="626" assertions="2" time="0.000924"/>
        <testcase name="test_TC_S2_29_update_missingName_returnsError" class="UmbrellaTests\S2DoctorManagementTest" classname="UmbrellaTests.S2DoctorManagementTest" file="C:\laragon\www\umbrella-unit-tests-s2-s5-s6\tests\S2DoctorManagementTest.php" line="651" assertions="2" time="0.000869"/>
        <testcase name="test_TC_S2_30_update_missingRole_returnsError" class="UmbrellaTests\S2DoctorManagementTest" classname="UmbrellaTests.S2DoctorManagementTest" file="C:\laragon\www\umbrella-unit-tests-s2-s5-s6\tests\S2DoctorManagementTest.php" line="675" assertions="2" time="0.000853"/>
        <testcase name="test_TC_S2_31_getById_adminSelf_returnsSuccess" class="UmbrellaTests\S2DoctorManagementTest" classname="UmbrellaTests.S2DoctorManagementTest" file="C:\laragon\www\umbrella-unit-tests-s2-s5-s6\tests\S2DoctorManagementTest.php" line="699" assertions="2" time="0.001157"/>
        <testcase name="test_TC_S2_32_getById_invalidDoctorId_containsUnavailableMsg" class="UmbrellaTests\S2DoctorManagementTest" classname="UmbrellaTests.S2DoctorManagementTest" file="C:\laragon\www\umbrella-unit-tests-s2-s5-s6\tests\S2DoctorManagementTest.php" line="715" assertions="2" time="0.000839"/>
        <testcase name="test_TC_S2_33_getById_memberMustBeForbidden" class="UmbrellaTests\S2DoctorManagementTest" classname="UmbrellaTests.S2DoctorManagementTest" file="C:\laragon\www\umbrella-unit-tests-s2-s5-s6\tests\S2DoctorManagementTest.php" line="735" assertions="1" time="0.002190">
          <failure type="PHPUnit\Framework\ExpectationFailedException">UmbrellaTests\S2DoctorManagementTest::test_TC_S2_33_getById_memberMustBeForbidden
BUG NGHIỆP VỤ: member không được phép xem chi tiết doctor qua endpoint quản trị.
Failed asserting that 1 is identical to 0.

C:\laragon\www\umbrella-unit-tests-s2-s5-s6\tests\S2DoctorManagementTest.php:750
phpvfscomposer://C:\laragon\www\umbrella-unit-tests-s2-s5-s6\vendor\phpunit\phpunit\phpunit:106</failure>
        </testcase>
        <testcase name="test_TC_S2_34_regreport_specShortAdminMsg_equalsExact" class="UmbrellaTests\S2DoctorManagementTest" classname="UmbrellaTests.S2DoctorManagementTest" file="C:\laragon\www\umbrella-unit-tests-s2-s5-s6\tests\S2DoctorManagementTest.php" line="759" assertions="3" time="0.001056"/>
        <testcase name="test_TC_S2_35_doctorsGetAll_admin_returnsListAndQuantity" class="UmbrellaTests\S2DoctorManagementTest" classname="UmbrellaTests.S2DoctorManagementTest" file="C:\laragon\www\umbrella-unit-tests-s2-s5-s6\tests\S2DoctorManagementTest.php" line="797" assertions="4" time="0.002679"/>
        <testcase name="test_TC_S2_36_doctorsGetAll_searchByNamePrefix_filtersData" class="UmbrellaTests\S2DoctorManagementTest" classname="UmbrellaTests.S2DoctorManagementTest" file="C:\laragon\www\umbrella-unit-tests-s2-s5-s6\tests\S2DoctorManagementTest.php" line="815" assertions="3" time="0.002287"/>
        <testcase name="test_TC_S2_37_doctorsSave_adminValid_createsDoctor" class="UmbrellaTests\S2DoctorManagementTest" classname="UmbrellaTests.S2DoctorManagementTest" file="C:\laragon\www\umbrella-unit-tests-s2-s5-s6\tests\S2DoctorManagementTest.php" line="836" assertions="3" time="0.055197"/>
        <testcase name="test_TC_S2_38_doctorsSave_memberForbidden_returnsError" class="UmbrellaTests\S2DoctorManagementTest" classname="UmbrellaTests.S2DoctorManagementTest" file="C:\laragon\www\umbrella-unit-tests-s2-s5-s6\tests\S2DoctorManagementTest.php" line="864" assertions="2" time="0.000981"/>
        <testcase name="test_TC_S2_39_doctorsSave_missingEmail_returnsMissingField" class="UmbrellaTests\S2DoctorManagementTest" classname="UmbrellaTests.S2DoctorManagementTest" file="C:\laragon\www\umbrella-unit-tests-s2-s5-s6\tests\S2DoctorManagementTest.php" line="887" assertions="2" time="0.000918"/>
        <testcase name="test_TC_S2_40_doctorsSave_invalidEmailFormat_returnsError" class="UmbrellaTests\S2DoctorManagementTest" classname="UmbrellaTests.S2DoctorManagementTest" file="C:\laragon\www\umbrella-unit-tests-s2-s5-s6\tests\S2DoctorManagementTest.php" line="909" assertions="2" time="0.000856"/>
        <testcase name="test_TC_S2_41_doctorsSave_duplicateEmail_returnsError" class="UmbrellaTests\S2DoctorManagementTest" classname="UmbrellaTests.S2DoctorManagementTest" file="C:\laragon\www\umbrella-unit-tests-s2-s5-s6\tests\S2DoctorManagementTest.php" line="932" assertions="2" time="0.001035"/>
        <testcase name="test_TC_S2_42_doctorsGetAll_filterBySpecialityId_returnsOnlyMatching" class="UmbrellaTests\S2DoctorManagementTest" classname="UmbrellaTests.S2DoctorManagementTest" file="C:\laragon\www\umbrella-unit-tests-s2-s5-s6\tests\S2DoctorManagementTest.php" line="953" assertions="5" time="0.001361"/>
        <testcase name="test_TC_S2_43_doctorsGetAll_filterByRoomId_returnsOnlyMatching" class="UmbrellaTests\S2DoctorManagementTest" classname="UmbrellaTests.S2DoctorManagementTest" file="C:\laragon\www\umbrella-unit-tests-s2-s5-s6\tests\S2DoctorManagementTest.php" line="971" assertions="5" time="0.001408"/>
        <testcase name="test_TC_S2_44_isDoctorBusy_missingRouteId_returnsError" class="UmbrellaTests\S2DoctorManagementTest" classname="UmbrellaTests.S2DoctorManagementTest" file="C:\laragon\www\umbrella-unit-tests-s2-s5-s6\tests\S2DoctorManagementTest.php" line="989" assertions="2" time="0.000767"/>
        <testcase name="test_TC_S2_45_isDoctorBusy_existingDoctor_returnsStructuredResponse" class="UmbrellaTests\S2DoctorManagementTest" classname="UmbrellaTests.S2DoctorManagementTest" file="C:\laragon\www\umbrella-unit-tests-s2-s5-s6\tests\S2DoctorManagementTest.php" line="1006" assertions="2" time="0.002031"/>
        <testcase name="test_TC_S2_46_isDoctorBusy_processGet_dispatchesToPrivateMethod" class="UmbrellaTests\S2DoctorManagementTest" classname="UmbrellaTests.S2DoctorManagementTest" file="C:\laragon\www\umbrella-unit-tests-s2-s5-s6\tests\S2DoctorManagementTest.php" line="1022" assertions="2" time="0.001613"/>
        <testcase name="test_TC_S2_47_isDoctorBusy_getCurrentAppointmentQuantityByDoctorId_countsTodayProcessing" class="UmbrellaTests\S2DoctorManagementTest" classname="UmbrellaTests.S2DoctorManagementTest" file="C:\laragon\www\umbrella-unit-tests-s2-s5-s6\tests\S2DoctorManagementTest.php" line="1046" assertions="1" time="0.000684"/>
        <testcase name="test_TC_S2_48_isDoctorBusy_getAverageAppointmentWithSpecialityId_returnsCeilAverage" class="UmbrellaTests\S2DoctorManagementTest" classname="UmbrellaTests.S2DoctorManagementTest" file="C:\laragon\www\umbrella-unit-tests-s2-s5-s6\tests\S2DoctorManagementTest.php" line="1063" assertions="1" time="0.001144"/>
        <testcase name="test_TC_S2_49_doctorProcess_get_dispatchesToGetById" class="UmbrellaTests\S2DoctorManagementTest" classname="UmbrellaTests.S2DoctorManagementTest" file="C:\laragon\www\umbrella-unit-tests-s2-s5-s6\tests\S2DoctorManagementTest.php" line="1082" assertions="2" time="0.001118"/>
        <testcase name="test_TC_S2_50_doctorsProcess_get_dispatchesToGetAll" class="UmbrellaTests\S2DoctorManagementTest" classname="UmbrellaTests.S2DoctorManagementTest" file="C:\laragon\www\umbrella-unit-tests-s2-s5-s6\tests\S2DoctorManagementTest.php" line="1106" assertions="3" time="0.001618"/>
      </testsuite>
      <testsuite name="UmbrellaTests\S5BookingManagementTest" file="C:\laragon\www\umbrella-unit-tests-s2-s5-s6\tests\S5BookingManagementTest.php" tests="52" assertions="115" errors="0" warnings="0" failures="6" skipped="0" time="0.063446">
        <testcase name="test_TC_S5_01_bookingsSave_adminValid_returnsSuccess" class="UmbrellaTests\S5BookingManagementTest" classname="UmbrellaTests.S5BookingManagementTest" file="C:\laragon\www\umbrella-unit-tests-s2-s5-s6\tests\S5BookingManagementTest.php" line="19" assertions="7" time="0.002716"/>
        <testcase name="test_TC_S5_02_bookingsSave_invalidDoctor_returnsError" class="UmbrellaTests\S5BookingManagementTest" classname="UmbrellaTests.S5BookingManagementTest" file="C:\laragon\www\umbrella-unit-tests-s2-s5-s6\tests\S5BookingManagementTest.php" line="57" assertions="1" time="0.001356"/>
        <testcase name="test_TC_S5_03_bookingsSave_beforeSevenAm_returnsWorkingHoursError" class="UmbrellaTests\S5BookingManagementTest" classname="UmbrellaTests.S5BookingManagementTest" file="C:\laragon\www\umbrella-unit-tests-s2-s5-s6\tests\S5BookingManagementTest.php" line="81" assertions="2" time="0.001218"/>
        <testcase name="test_TC_S5_04_bookingsSave_sixFiftyNineAm_returnsWorkingHoursError" class="UmbrellaTests\S5BookingManagementTest" classname="UmbrellaTests.S5BookingManagementTest" file="C:\laragon\www\umbrella-unit-tests-s2-s5-s6\tests\S5BookingManagementTest.php" line="106" assertions="2" time="0.001186"/>
        <testcase name="test_TC_S5_05_bookingsSave_sevenAm_boundary_isAccepted" class="UmbrellaTests\S5BookingManagementTest" classname="UmbrellaTests.S5BookingManagementTest" file="C:\laragon\www\umbrella-unit-tests-s2-s5-s6\tests\S5BookingManagementTest.php" line="131" assertions="1" time="0.001445"/>
        <testcase name="test_TC_S5_06_bookingsSave_twentyPm_boundary_isAccepted" class="UmbrellaTests\S5BookingManagementTest" classname="UmbrellaTests.S5BookingManagementTest" file="C:\laragon\www\umbrella-unit-tests-s2-s5-s6\tests\S5BookingManagementTest.php" line="155" assertions="1" time="0.001446"/>
        <testcase name="test_TC_S5_07_bookingsSave_twentyOhOneOutsideHours_returnsError" class="UmbrellaTests\S5BookingManagementTest" classname="UmbrellaTests.S5BookingManagementTest" file="C:\laragon\www\umbrella-unit-tests-s2-s5-s6\tests\S5BookingManagementTest.php" line="179" assertions="2" time="0.001136"/>
        <testcase name="test_TC_S5_08_bookingsSave_validHour_returnsSuccess" class="UmbrellaTests\S5BookingManagementTest" classname="UmbrellaTests.S5BookingManagementTest" file="C:\laragon\www\umbrella-unit-tests-s2-s5-s6\tests\S5BookingManagementTest.php" line="204" assertions="1" time="0.001385"/>
        <testcase name="test_TC_S5_09_patientBookingsGetAll_emptyList_returnsSuccess" class="UmbrellaTests\S5BookingManagementTest" classname="UmbrellaTests.S5BookingManagementTest" file="C:\laragon\www\umbrella-unit-tests-s2-s5-s6\tests\S5BookingManagementTest.php" line="228" assertions="4" time="0.001406"/>
        <testcase name="test_TC_S5_10_patientBookingsGetAll_onlyOwnPatientRows" class="UmbrellaTests\S5BookingManagementTest" classname="UmbrellaTests.S5BookingManagementTest" file="C:\laragon\www\umbrella-unit-tests-s2-s5-s6\tests\S5BookingManagementTest.php" line="242" assertions="4" time="0.001038"/>
        <testcase name="test_TC_S5_11_patientBookingCancel_processing_ok" class="UmbrellaTests\S5BookingManagementTest" classname="UmbrellaTests.S5BookingManagementTest" file="C:\laragon\www\umbrella-unit-tests-s2-s5-s6\tests\S5BookingManagementTest.php" line="267" assertions="4" time="0.002066"/>
        <testcase name="test_TC_S5_12_bookingsSave_memberForbidden" class="UmbrellaTests\S5BookingManagementTest" classname="UmbrellaTests.S5BookingManagementTest" file="C:\laragon\www\umbrella-unit-tests-s2-s5-s6\tests\S5BookingManagementTest.php" line="299" assertions="1" time="0.000742"/>
        <testcase name="test_TC_S5_13_patientBookingCancel_verified_returnsError" class="UmbrellaTests\S5BookingManagementTest" classname="UmbrellaTests.S5BookingManagementTest" file="C:\laragon\www\umbrella-unit-tests-s2-s5-s6\tests\S5BookingManagementTest.php" line="323" assertions="3" time="0.001014"/>
        <testcase name="test_TC_S5_14_bookingsSave_missingAppointmentTime_returnsMissingField" class="UmbrellaTests\S5BookingManagementTest" classname="UmbrellaTests.S5BookingManagementTest" file="C:\laragon\www\umbrella-unit-tests-s2-s5-s6\tests\S5BookingManagementTest.php" line="352" assertions="2" time="0.000792"/>
        <testcase name="test_TC_S5_15_patientModelOnBookingsController_stillForbidden" class="UmbrellaTests\S5BookingManagementTest" classname="UmbrellaTests.S5BookingManagementTest" file="C:\laragon\www\umbrella-unit-tests-s2-s5-s6\tests\S5BookingManagementTest.php" line="375" assertions="1" time="0.000830"/>
        <testcase name="test_TC_S5_16_bookingsSave_validSecondPatientName_returnsSuccess" class="UmbrellaTests\S5BookingManagementTest" classname="UmbrellaTests.S5BookingManagementTest" file="C:\laragon\www\umbrella-unit-tests-s2-s5-s6\tests\S5BookingManagementTest.php" line="398" assertions="1" time="0.001536"/>
        <testcase name="test_TC_S5_17_patientBookingsGetAll_noRows_returnsSuccess" class="UmbrellaTests\S5BookingManagementTest" classname="UmbrellaTests.S5BookingManagementTest" file="C:\laragon\www\umbrella-unit-tests-s2-s5-s6\tests\S5BookingManagementTest.php" line="422" assertions="1" time="0.000988"/>
        <testcase name="test_TC_S5_18_bookingsSave_supporterValid_returnsSuccess" class="UmbrellaTests\S5BookingManagementTest" classname="UmbrellaTests.S5BookingManagementTest" file="C:\laragon\www\umbrella-unit-tests-s2-s5-s6\tests\S5BookingManagementTest.php" line="433" assertions="1" time="0.001514"/>
        <testcase name="test_TC_S5_19_bookingsSave_missingServiceId_returnsMissingField" class="UmbrellaTests\S5BookingManagementTest" classname="UmbrellaTests.S5BookingManagementTest" file="C:\laragon\www\umbrella-unit-tests-s2-s5-s6\tests\S5BookingManagementTest.php" line="457" assertions="2" time="0.000742"/>
        <testcase name="test_TC_S5_20_bookingsSave_invalidPatientId_returnsError" class="UmbrellaTests\S5BookingManagementTest" classname="UmbrellaTests.S5BookingManagementTest" file="C:\laragon\www\umbrella-unit-tests-s2-s5-s6\tests\S5BookingManagementTest.php" line="481" assertions="2" time="0.000860"/>
        <testcase name="test_TC_S5_21_bookingsSave_invalidServiceId_returnsError" class="UmbrellaTests\S5BookingManagementTest" classname="UmbrellaTests.S5BookingManagementTest" file="C:\laragon\www\umbrella-unit-tests-s2-s5-s6\tests\S5BookingManagementTest.php" line="506" assertions="2" time="0.001022"/>
        <testcase name="test_TC_S5_22_bookingsSave_invalidBookingPhone_returnsError" class="UmbrellaTests\S5BookingManagementTest" classname="UmbrellaTests.S5BookingManagementTest" file="C:\laragon\www\umbrella-unit-tests-s2-s5-s6\tests\S5BookingManagementTest.php" line="531" assertions="2" time="0.001062"/>
        <testcase name="test_TC_S5_23_bookingsSave_invalidBookingName_returnsError" class="UmbrellaTests\S5BookingManagementTest" classname="UmbrellaTests.S5BookingManagementTest" file="C:\laragon\www\umbrella-unit-tests-s2-s5-s6\tests\S5BookingManagementTest.php" line="556" assertions="2" time="0.001244"/>
        <testcase name="test_TC_S5_24_bookingsSave_invalidAddress_returnsError" class="UmbrellaTests\S5BookingManagementTest" classname="UmbrellaTests.S5BookingManagementTest" file="C:\laragon\www\umbrella-unit-tests-s2-s5-s6\tests\S5BookingManagementTest.php" line="581" assertions="2" time="0.001292"/>
        <testcase name="test_TC_S5_25_bookingsSave_invalidGender_returnsError" class="UmbrellaTests\S5BookingManagementTest" classname="UmbrellaTests.S5BookingManagementTest" file="C:\laragon\www\umbrella-unit-tests-s2-s5-s6\tests\S5BookingManagementTest.php" line="606" assertions="2" time="0.001227"/>
        <testcase name="test_TC_S5_26_bookingsSave_timeTwentyTenOutsideHours_returnsError" class="UmbrellaTests\S5BookingManagementTest" classname="UmbrellaTests.S5BookingManagementTest" file="C:\laragon\www\umbrella-unit-tests-s2-s5-s6\tests\S5BookingManagementTest.php" line="631" assertions="2" time="0.001172"/>
        <testcase name="test_TC_S5_27_bookingsGetAll_admin_returnsSuccess" class="UmbrellaTests\S5BookingManagementTest" classname="UmbrellaTests.S5BookingManagementTest" file="C:\laragon\www\umbrella-unit-tests-s2-s5-s6\tests\S5BookingManagementTest.php" line="656" assertions="2" time="0.001007"/>
        <testcase name="test_TC_S5_28_patientBookingGetById_ownBooking_returnsSuccess" class="UmbrellaTests\S5BookingManagementTest" classname="UmbrellaTests.S5BookingManagementTest" file="C:\laragon\www\umbrella-unit-tests-s2-s5-s6\tests\S5BookingManagementTest.php" line="668" assertions="2" time="0.001114"/>
        <testcase name="test_TC_S5_29_patientBookingGetById_wrongPatient_returnsError" class="UmbrellaTests\S5BookingManagementTest" classname="UmbrellaTests.S5BookingManagementTest" file="C:\laragon\www\umbrella-unit-tests-s2-s5-s6\tests\S5BookingManagementTest.php" line="689" assertions="1" time="0.000907"/>
        <testcase name="test_TC_S5_30_patientBookingDelete_missingId_returnsError" class="UmbrellaTests\S5BookingManagementTest" classname="UmbrellaTests.S5BookingManagementTest" file="C:\laragon\www\umbrella-unit-tests-s2-s5-s6\tests\S5BookingManagementTest.php" line="710" assertions="2" time="0.000711"/>
        <testcase name="test_TC_S5_31_patientBookingDelete_cancelledNoAction_returnsMessage" class="UmbrellaTests\S5BookingManagementTest" classname="UmbrellaTests.S5BookingManagementTest" file="C:\laragon\www\umbrella-unit-tests-s2-s5-s6\tests\S5BookingManagementTest.php" line="725" assertions="2" time="0.000896"/>
        <testcase name="test_TC_S5_32_patientBookingsGetAll_quantityShouldBeTotalBeforeLimit" class="UmbrellaTests\S5BookingManagementTest" classname="UmbrellaTests.S5BookingManagementTest" file="C:\laragon\www\umbrella-unit-tests-s2-s5-s6\tests\S5BookingManagementTest.php" line="752" assertions="3" time="0.001014">
          <failure type="PHPUnit\Framework\ExpectationFailedException">UmbrellaTests\S5BookingManagementTest::test_TC_S5_32_patientBookingsGetAll_quantityShouldBeTotalBeforeLimit
BUG NGHIỆP VỤ: quantity phải là tổng booking của patient (3) để frontend tính số trang; không phải số dòng trên trang (1).
Failed asserting that 1 is identical to 3.

C:\laragon\www\umbrella-unit-tests-s2-s5-s6\tests\S5BookingManagementTest.php:775
phpvfscomposer://C:\laragon\www\umbrella-unit-tests-s2-s5-s6\vendor\phpunit\phpunit\phpunit:106</failure>
        </testcase>
        <testcase name="test_TC_S5_33_patientBookingsGetAll_searchByBookingName_filtersCorrectly" class="UmbrellaTests\S5BookingManagementTest" classname="UmbrellaTests.S5BookingManagementTest" file="C:\laragon\www\umbrella-unit-tests-s2-s5-s6\tests\S5BookingManagementTest.php" line="785" assertions="1" time="0.001101">
          <failure type="PHPUnit\Framework\ExpectationFailedException">UmbrellaTests\S5BookingManagementTest::test_TC_S5_33_patientBookingsGetAll_searchByBookingName_filtersCorrectly
Search phải chạy được và trả result=1 (không được throw SQL/undefined var)
Failed asserting that 0 is identical to 1.

C:\laragon\www\umbrella-unit-tests-s2-s5-s6\tests\S5BookingManagementTest.php:801
phpvfscomposer://C:\laragon\www\umbrella-unit-tests-s2-s5-s6\vendor\phpunit\phpunit\phpunit:106</failure>
        </testcase>
        <testcase name="test_TC_S5_34_bookingsGetAll_memberMustBeForbidden" class="UmbrellaTests\S5BookingManagementTest" classname="UmbrellaTests.S5BookingManagementTest" file="C:\laragon\www\umbrella-unit-tests-s2-s5-s6\tests\S5BookingManagementTest.php" line="814" assertions="1" time="0.001001">
          <failure type="PHPUnit\Framework\ExpectationFailedException">UmbrellaTests\S5BookingManagementTest::test_TC_S5_34_bookingsGetAll_memberMustBeForbidden
BUG NGHIỆP VỤ: role=member không được phép list bookings (chỉ admin/supporter).
Failed asserting that 1 is identical to 0.

C:\laragon\www\umbrella-unit-tests-s2-s5-s6\tests\S5BookingManagementTest.php:825
phpvfscomposer://C:\laragon\www\umbrella-unit-tests-s2-s5-s6\vendor\phpunit\phpunit\phpunit:106</failure>
        </testcase>
        <testcase name="test_TC_S5_35_duplicateSameSlot_rejected" class="UmbrellaTests\S5BookingManagementTest" classname="UmbrellaTests.S5BookingManagementTest" file="C:\laragon\www\umbrella-unit-tests-s2-s5-s6\tests\S5BookingManagementTest.php" line="834" assertions="2" time="0.002673">
          <failure type="PHPUnit\Framework\ExpectationFailedException">UmbrellaTests\S5BookingManagementTest::test_TC_S5_35_duplicateSameSlot_rejected
BUG NGHIỆP VỤ: Bác sĩ id=2 đã có booking cùng slot (date+time) nhưng API vẫn cho tạo thêm. Hệ thống đặt lịch y tế phải chặn double-booking bác sĩ.
Failed asserting that 1 is identical to 0.

C:\laragon\www\umbrella-unit-tests-s2-s5-s6\tests\S5BookingManagementTest.php:868
phpvfscomposer://C:\laragon\www\umbrella-unit-tests-s2-s5-s6\vendor\phpunit\phpunit\phpunit:106</failure>
        </testcase>
        <testcase name="test_TC_S5_36_patientMayCancelVerifiedBooking" class="UmbrellaTests\S5BookingManagementTest" classname="UmbrellaTests.S5BookingManagementTest" file="C:\laragon\www\umbrella-unit-tests-s2-s5-s6\tests\S5BookingManagementTest.php" line="877" assertions="3" time="0.001013"/>
        <testcase name="test_TC_S5_37_bookingGetById_admin_returnsSuccess" class="UmbrellaTests\S5BookingManagementTest" classname="UmbrellaTests.S5BookingManagementTest" file="C:\laragon\www\umbrella-unit-tests-s2-s5-s6\tests\S5BookingManagementTest.php" line="908" assertions="3" time="0.001087"/>
        <testcase name="test_TC_S5_38_bookingGetById_memberDoctorForbidden" class="UmbrellaTests\S5BookingManagementTest" classname="UmbrellaTests.S5BookingManagementTest" file="C:\laragon\www\umbrella-unit-tests-s2-s5-s6\tests\S5BookingManagementTest.php" line="932" assertions="1" time="0.001058">
          <failure type="PHPUnit\Framework\ExpectationFailedException">UmbrellaTests\S5BookingManagementTest::test_TC_S5_38_bookingGetById_memberDoctorForbidden
Failed asserting that 1 is identical to 0.

C:\laragon\www\umbrella-unit-tests-s2-s5-s6\tests\S5BookingManagementTest.php:948
phpvfscomposer://C:\laragon\www\umbrella-unit-tests-s2-s5-s6\vendor\phpunit\phpunit\phpunit:106</failure>
        </testcase>
        <testcase name="test_TC_S5_39_bookingGetById_missingRouteId_returnsError" class="UmbrellaTests\S5BookingManagementTest" classname="UmbrellaTests.S5BookingManagementTest" file="C:\laragon\www\umbrella-unit-tests-s2-s5-s6\tests\S5BookingManagementTest.php" line="955" assertions="2" time="0.000701"/>
        <testcase name="test_TC_S5_40_patientBookingsSave_valid_createsProcessingAndNotification" class="UmbrellaTests\S5BookingManagementTest" classname="UmbrellaTests.S5BookingManagementTest" file="C:\laragon\www\umbrella-unit-tests-s2-s5-s6\tests\S5BookingManagementTest.php" line="970" assertions="7" time="0.001725"/>
        <testcase name="test_TC_S5_41_patientBookingsSave_duplicateProcessingSameServiceSameDay_rejected" class="UmbrellaTests\S5BookingManagementTest" classname="UmbrellaTests.S5BookingManagementTest" file="C:\laragon\www\umbrella-unit-tests-s2-s5-s6\tests\S5BookingManagementTest.php" line="1007" assertions="2" time="0.001036"/>
        <testcase name="test_TC_S5_42_bookingUpdate_processing_updatesDb" class="UmbrellaTests\S5BookingManagementTest" classname="UmbrellaTests.S5BookingManagementTest" file="C:\laragon\www\umbrella-unit-tests-s2-s5-s6\tests\S5BookingManagementTest.php" line="1038" assertions="5" time="0.001330"/>
        <testcase name="test_TC_S5_43_bookingUpdate_verifiedBooking_isRejected" class="UmbrellaTests\S5BookingManagementTest" classname="UmbrellaTests.S5BookingManagementTest" file="C:\laragon\www\umbrella-unit-tests-s2-s5-s6\tests\S5BookingManagementTest.php" line="1076" assertions="2" time="0.001114"/>
        <testcase name="test_TC_S5_44_bookingConfirm_verified_mustCreateAppointment" class="UmbrellaTests\S5BookingManagementTest" classname="UmbrellaTests.S5BookingManagementTest" file="C:\laragon\www\umbrella-unit-tests-s2-s5-s6\tests\S5BookingManagementTest.php" line="1113" assertions="3" time="0.001227">
          <failure type="PHPUnit\Framework\ExpectationFailedException">UmbrellaTests\S5BookingManagementTest::test_TC_S5_44_bookingConfirm_verified_mustCreateAppointment
BUG NGHIEP VU: xac nhan booking sang verified phai sinh appointment tuong ung de dua vao luong kham.
Failed asserting that 0 is identical to 1.

C:\laragon\www\umbrella-unit-tests-s2-s5-s6\tests\S5BookingManagementTest.php:1138
phpvfscomposer://C:\laragon\www\umbrella-unit-tests-s2-s5-s6\vendor\phpunit\phpunit\phpunit:106</failure>
        </testcase>
        <testcase name="test_TC_S5_45_bookingConfirm_cancelled_updatesStatus" class="UmbrellaTests\S5BookingManagementTest" classname="UmbrellaTests.S5BookingManagementTest" file="C:\laragon\www\umbrella-unit-tests-s2-s5-s6\tests\S5BookingManagementTest.php" line="1143" assertions="2" time="0.001197"/>
        <testcase name="test_TC_S5_46_bookingsProcess_get_dispatchesToGetAll" class="UmbrellaTests\S5BookingManagementTest" classname="UmbrellaTests.S5BookingManagementTest" file="C:\laragon\www\umbrella-unit-tests-s2-s5-s6\tests\S5BookingManagementTest.php" line="1167" assertions="2" time="0.000937"/>
        <testcase name="test_TC_S5_47_bookingsProcess_post_dispatchesToSave" class="UmbrellaTests\S5BookingManagementTest" classname="UmbrellaTests.S5BookingManagementTest" file="C:\laragon\www\umbrella-unit-tests-s2-s5-s6\tests\S5BookingManagementTest.php" line="1187" assertions="2" time="0.001456"/>
        <testcase name="test_TC_S5_48_bookingProcess_patch_dispatchesToConfirm" class="UmbrellaTests\S5BookingManagementTest" classname="UmbrellaTests.S5BookingManagementTest" file="C:\laragon\www\umbrella-unit-tests-s2-s5-s6\tests\S5BookingManagementTest.php" line="1220" assertions="2" time="0.001314"/>
        <testcase name="test_TC_S5_49_patientBookingsProcess_get_dispatchesToGetAll" class="UmbrellaTests\S5BookingManagementTest" classname="UmbrellaTests.S5BookingManagementTest" file="C:\laragon\www\umbrella-unit-tests-s2-s5-s6\tests\S5BookingManagementTest.php" line="1251" assertions="2" time="0.000919"/>
        <testcase name="test_TC_S5_50_patientBookingsProcess_post_dispatchesToSave" class="UmbrellaTests\S5BookingManagementTest" classname="UmbrellaTests.S5BookingManagementTest" file="C:\laragon\www\umbrella-unit-tests-s2-s5-s6\tests\S5BookingManagementTest.php" line="1271" assertions="2" time="0.001856"/>
        <testcase name="test_TC_S5_51_patientBookingProcess_get_dispatchesToGetById" class="UmbrellaTests\S5BookingManagementTest" classname="UmbrellaTests.S5BookingManagementTest" file="C:\laragon\www\umbrella-unit-tests-s2-s5-s6\tests\S5BookingManagementTest.php" line="1305" assertions="2" time="0.001166"/>
        <testcase name="test_TC_S5_52_patientBookingProcess_delete_dispatchesToDelete" class="UmbrellaTests\S5BookingManagementTest" classname="UmbrellaTests.S5BookingManagementTest" file="C:\laragon\www\umbrella-unit-tests-s2-s5-s6\tests\S5BookingManagementTest.php" line="1334" assertions="2" time="0.001452"/>
      </testsuite>
      <testsuite name="UmbrellaTests\S6CommonHelperCoverageTest" file="C:\laragon\www\umbrella-unit-tests-s2-s5-s6\tests\S6CommonHelperCoverageTest.php" tests="16" assertions="33" errors="0" warnings="0" failures="0" skipped="0" time="0.016906">
        <testcase name="test_TC_S6_60_htmlchars_encodesQuotesAndTags" class="UmbrellaTests\S6CommonHelperCoverageTest" classname="UmbrellaTests.S6CommonHelperCoverageTest" file="C:\laragon\www\umbrella-unit-tests-s2-s5-s6\tests\S6CommonHelperCoverageTest.php" line="10" assertions="1" time="0.000478"/>
        <testcase name="test_TC_S6_61_truncateString_appliesEllipsisAtMaxLength" class="UmbrellaTests\S6CommonHelperCoverageTest" classname="UmbrellaTests.S6CommonHelperCoverageTest" file="C:\laragon\www\umbrella-unit-tests-s2-s5-s6\tests\S6CommonHelperCoverageTest.php" line="17" assertions="1" time="0.000439"/>
        <testcase name="test_TC_S6_62_urlSlug_convertsToSeoLowercase" class="UmbrellaTests\S6CommonHelperCoverageTest" classname="UmbrellaTests.S6CommonHelperCoverageTest" file="C:\laragon\www\umbrella-unit-tests-s2-s5-s6\tests\S6CommonHelperCoverageTest.php" line="24" assertions="1" time="0.000596"/>
        <testcase name="test_TC_S6_63_formatPrice_regularAndZeroDecimalModes" class="UmbrellaTests\S6CommonHelperCoverageTest" classname="UmbrellaTests.S6CommonHelperCoverageTest" file="C:\laragon\www\umbrella-unit-tests-s2-s5-s6\tests\S6CommonHelperCoverageTest.php" line="31" assertions="2" time="0.000491"/>
        <testcase name="test_TC_S6_64_getTimezones_containsUtcAndAsiaHoChiMinh" class="UmbrellaTests\S6CommonHelperCoverageTest" classname="UmbrellaTests.S6CommonHelperCoverageTest" file="C:\laragon\www\umbrella-unit-tests-s2-s5-s6\tests\S6CommonHelperCoverageTest.php" line="38" assertions="2" time="0.009014"/>
        <testcase name="test_TC_S6_65_isValidDate_recognizesValidAndInvalid" class="UmbrellaTests\S6CommonHelperCoverageTest" classname="UmbrellaTests.S6CommonHelperCoverageTest" file="C:\laragon\www\umbrella-unit-tests-s2-s5-s6\tests\S6CommonHelperCoverageTest.php" line="46" assertions="2" time="0.000633"/>
        <testcase name="test_TC_S6_66_textInitials_returnsExpectedCharacters" class="UmbrellaTests\S6CommonHelperCoverageTest" classname="UmbrellaTests.S6CommonHelperCoverageTest" file="C:\laragon\www\umbrella-unit-tests-s2-s5-s6\tests\S6CommonHelperCoverageTest.php" line="53" assertions="2" time="0.000579"/>
        <testcase name="test_TC_S6_67_randomAndReadableHelpers_returnExpectedFormats" class="UmbrellaTests\S6CommonHelperCoverageTest" classname="UmbrellaTests.S6CommonHelperCoverageTest" file="C:\laragon\www\umbrella-unit-tests-s2-s5-s6\tests\S6CommonHelperCoverageTest.php" line="60" assertions="3" time="0.000595"/>
        <testcase name="test_TC_S6_68_readableFileSize_formatsCommonUnits" class="UmbrellaTests\S6CommonHelperCoverageTest" classname="UmbrellaTests.S6CommonHelperCoverageTest" file="C:\laragon\www\umbrella-unit-tests-s2-s5-s6\tests\S6CommonHelperCoverageTest.php" line="68" assertions="2" time="0.000538"/>
        <testcase name="test_TC_S6_69_numericAndStringValidators_workAsExpected" class="UmbrellaTests\S6CommonHelperCoverageTest" classname="UmbrellaTests.S6CommonHelperCoverageTest" file="C:\laragon\www\umbrella-unit-tests-s2-s5-s6\tests\S6CommonHelperCoverageTest.php" line="75" assertions="8" time="0.000550"/>
        <testcase name="test_TC_S6_70_isValidJson_detectsSyntaxErrors" class="UmbrellaTests\S6CommonHelperCoverageTest" classname="UmbrellaTests.S6CommonHelperCoverageTest" file="C:\laragon\www\umbrella-unit-tests-s2-s5-s6\tests\S6CommonHelperCoverageTest.php" line="88" assertions="2" time="0.000480"/>
        <testcase name="test_TC_S6_71_isZeroDecimalCurrency_handlesKnownCodes" class="UmbrellaTests\S6CommonHelperCoverageTest" classname="UmbrellaTests.S6CommonHelperCoverageTest" file="C:\laragon\www\umbrella-unit-tests-s2-s5-s6\tests\S6CommonHelperCoverageTest.php" line="95" assertions="2" time="0.000506"/>
        <testcase name="test_TC_S6_72_isBirthdayValid_rejectsFutureDate" class="UmbrellaTests\S6CommonHelperCoverageTest" classname="UmbrellaTests.S6CommonHelperCoverageTest" file="C:\laragon\www\umbrella-unit-tests-s2-s5-s6\tests\S6CommonHelperCoverageTest.php" line="102" assertions="1" time="0.000587"/>
        <testcase name="test_TC_S6_73_appointmentDateValidation_checksCalendarAndPastDate" class="UmbrellaTests\S6CommonHelperCoverageTest" classname="UmbrellaTests.S6CommonHelperCoverageTest" file="C:\laragon\www\umbrella-unit-tests-s2-s5-s6\tests\S6CommonHelperCoverageTest.php" line="110" assertions="2" time="0.000489"/>
        <testcase name="test_TC_S6_74_appointmentHourValidation_rejectsOutsideWorkingHours" class="UmbrellaTests\S6CommonHelperCoverageTest" classname="UmbrellaTests.S6CommonHelperCoverageTest" file="C:\laragon\www\umbrella-unit-tests-s2-s5-s6\tests\S6CommonHelperCoverageTest.php" line="117" assertions="1" time="0.000443"/>
        <testcase name="test_TC_S6_75_appointmentTimeValidation_acceptsBoundarySevenAmTomorrow" class="UmbrellaTests\S6CommonHelperCoverageTest" classname="UmbrellaTests.S6CommonHelperCoverageTest" file="C:\laragon\www\umbrella-unit-tests-s2-s5-s6\tests\S6CommonHelperCoverageTest.php" line="125" assertions="1" time="0.000488"/>
      </testsuite>
      <testsuite name="UmbrellaTests\S6ServiceSpecialityRoomClinicTest" file="C:\laragon\www\umbrella-unit-tests-s2-s5-s6\tests\S6ServiceSpecialityRoomClinicTest.php" tests="63" assertions="124" errors="0" warnings="0" failures="4" skipped="0" time="0.059860">
        <testcase name="test_TC_S6_01_specialitiesSave_new_returnsSuccess" class="UmbrellaTests\S6ServiceSpecialityRoomClinicTest" classname="UmbrellaTests.S6ServiceSpecialityRoomClinicTest" file="C:\laragon\www\umbrella-unit-tests-s2-s5-s6\tests\S6ServiceSpecialityRoomClinicTest.php" line="23" assertions="1" time="0.001064"/>
        <testcase name="test_TC_S6_02_specialitiesSave_emptyName_returnsMissingField" class="UmbrellaTests\S6ServiceSpecialityRoomClinicTest" classname="UmbrellaTests.S6ServiceSpecialityRoomClinicTest" file="C:\laragon\www\umbrella-unit-tests-s2-s5-s6\tests\S6ServiceSpecialityRoomClinicTest.php" line="38" assertions="3" time="0.000935"/>
        <testcase name="test_TC_S6_03_specialityGetById_valid" class="UmbrellaTests\S6ServiceSpecialityRoomClinicTest" classname="UmbrellaTests.S6ServiceSpecialityRoomClinicTest" file="C:\laragon\www\umbrella-unit-tests-s2-s5-s6\tests\S6ServiceSpecialityRoomClinicTest.php" line="55" assertions="2" time="0.000852"/>
        <testcase name="test_TC_S6_04_specialityUpdate_admin_ok" class="UmbrellaTests\S6ServiceSpecialityRoomClinicTest" classname="UmbrellaTests.S6ServiceSpecialityRoomClinicTest" file="C:\laragon\www\umbrella-unit-tests-s2-s5-s6\tests\S6ServiceSpecialityRoomClinicTest.php" line="71" assertions="2" time="0.000956"/>
        <testcase name="test_TC_S6_05_specialityDelete_whenDoctorsLinked_blocked" class="UmbrellaTests\S6ServiceSpecialityRoomClinicTest" classname="UmbrellaTests.S6ServiceSpecialityRoomClinicTest" file="C:\laragon\www\umbrella-unit-tests-s2-s5-s6\tests\S6ServiceSpecialityRoomClinicTest.php" line="91" assertions="2" time="0.001023"/>
        <testcase name="test_TC_S6_58_specialityUpdateAvatar_noFile_returnsError" class="UmbrellaTests\S6ServiceSpecialityRoomClinicTest" classname="UmbrellaTests.S6ServiceSpecialityRoomClinicTest" file="C:\laragon\www\umbrella-unit-tests-s2-s5-s6\tests\S6ServiceSpecialityRoomClinicTest.php" line="110" assertions="2" time="0.000901"/>
        <testcase name="test_TC_S6_06_servicesSave_new_ok" class="UmbrellaTests\S6ServiceSpecialityRoomClinicTest" classname="UmbrellaTests.S6ServiceSpecialityRoomClinicTest" file="C:\laragon\www\umbrella-unit-tests-s2-s5-s6\tests\S6ServiceSpecialityRoomClinicTest.php" line="135" assertions="1" time="0.000914"/>
        <testcase name="test_TC_S6_07_serviceGetById_ok" class="UmbrellaTests\S6ServiceSpecialityRoomClinicTest" classname="UmbrellaTests.S6ServiceSpecialityRoomClinicTest" file="C:\laragon\www\umbrella-unit-tests-s2-s5-s6\tests\S6ServiceSpecialityRoomClinicTest.php" line="150" assertions="1" time="0.000843"/>
        <testcase name="test_TC_S6_08_roomsSave_new_ok" class="UmbrellaTests\S6ServiceSpecialityRoomClinicTest" classname="UmbrellaTests.S6ServiceSpecialityRoomClinicTest" file="C:\laragon\www\umbrella-unit-tests-s2-s5-s6\tests\S6ServiceSpecialityRoomClinicTest.php" line="165" assertions="1" time="0.000925"/>
        <testcase name="test_TC_S6_09_roomDelete_emptyRoom_ok" class="UmbrellaTests\S6ServiceSpecialityRoomClinicTest" classname="UmbrellaTests.S6ServiceSpecialityRoomClinicTest" file="C:\laragon\www\umbrella-unit-tests-s2-s5-s6\tests\S6ServiceSpecialityRoomClinicTest.php" line="180" assertions="1" time="0.000969"/>
        <testcase name="test_TC_S6_10_clinicsSave_valid_ok" class="UmbrellaTests\S6ServiceSpecialityRoomClinicTest" classname="UmbrellaTests.S6ServiceSpecialityRoomClinicTest" file="C:\laragon\www\umbrella-unit-tests-s2-s5-s6\tests\S6ServiceSpecialityRoomClinicTest.php" line="195" assertions="1" time="0.001193"/>
        <testcase name="test_TC_S6_11_clinicGetById_ok" class="UmbrellaTests\S6ServiceSpecialityRoomClinicTest" classname="UmbrellaTests.S6ServiceSpecialityRoomClinicTest" file="C:\laragon\www\umbrella-unit-tests-s2-s5-s6\tests\S6ServiceSpecialityRoomClinicTest.php" line="210" assertions="1" time="0.000898"/>
        <testcase name="test_TC_S6_12_serviceGetById_missing_returnsNotAvailable" class="UmbrellaTests\S6ServiceSpecialityRoomClinicTest" classname="UmbrellaTests.S6ServiceSpecialityRoomClinicTest" file="C:\laragon\www\umbrella-unit-tests-s2-s5-s6\tests\S6ServiceSpecialityRoomClinicTest.php" line="225" assertions="2" time="0.000796"/>
        <testcase name="test_TC_S6_13_specialitiesSave_member_forbidden" class="UmbrellaTests\S6ServiceSpecialityRoomClinicTest" classname="UmbrellaTests.S6ServiceSpecialityRoomClinicTest" file="C:\laragon\www\umbrella-unit-tests-s2-s5-s6\tests\S6ServiceSpecialityRoomClinicTest.php" line="241" assertions="2" time="0.000833"/>
        <testcase name="test_TC_S6_14_specialitiesSave_duplicateName_rejected" class="UmbrellaTests\S6ServiceSpecialityRoomClinicTest" classname="UmbrellaTests.S6ServiceSpecialityRoomClinicTest" file="C:\laragon\www\umbrella-unit-tests-s2-s5-s6\tests\S6ServiceSpecialityRoomClinicTest.php" line="257" assertions="1" time="0.000862"/>
        <testcase name="test_TC_S6_15_roomDelete_defaultRoom_blocked" class="UmbrellaTests\S6ServiceSpecialityRoomClinicTest" classname="UmbrellaTests.S6ServiceSpecialityRoomClinicTest" file="C:\laragon\www\umbrella-unit-tests-s2-s5-s6\tests\S6ServiceSpecialityRoomClinicTest.php" line="272" assertions="2" time="0.000830"/>
        <testcase name="test_TC_S6_16_roomGetById_memberBlocked" class="UmbrellaTests\S6ServiceSpecialityRoomClinicTest" classname="UmbrellaTests.S6ServiceSpecialityRoomClinicTest" file="C:\laragon\www\umbrella-unit-tests-s2-s5-s6\tests\S6ServiceSpecialityRoomClinicTest.php" line="288" assertions="1" time="0.000749"/>
        <testcase name="test_TC_S6_17_clinicsSave_invalidHospitalName_rejected" class="UmbrellaTests\S6ServiceSpecialityRoomClinicTest" classname="UmbrellaTests.S6ServiceSpecialityRoomClinicTest" file="C:\laragon\www\umbrella-unit-tests-s2-s5-s6\tests\S6ServiceSpecialityRoomClinicTest.php" line="303" assertions="2" time="0.000768"/>
        <testcase name="test_TC_S6_18_specialitiesSave_valid_returnsSuccess" class="UmbrellaTests\S6ServiceSpecialityRoomClinicTest" classname="UmbrellaTests.S6ServiceSpecialityRoomClinicTest" file="C:\laragon\www\umbrella-unit-tests-s2-s5-s6\tests\S6ServiceSpecialityRoomClinicTest.php" line="319" assertions="1" time="0.000915"/>
        <testcase name="test_TC_S6_19_servicesSave_duplicateName_rejected" class="UmbrellaTests\S6ServiceSpecialityRoomClinicTest" classname="UmbrellaTests.S6ServiceSpecialityRoomClinicTest" file="C:\laragon\www\umbrella-unit-tests-s2-s5-s6\tests\S6ServiceSpecialityRoomClinicTest.php" line="334" assertions="2" time="0.000937"/>
        <testcase name="test_TC_S6_20_clinicGetById_missing_returnsNotAvailable" class="UmbrellaTests\S6ServiceSpecialityRoomClinicTest" classname="UmbrellaTests.S6ServiceSpecialityRoomClinicTest" file="C:\laragon\www\umbrella-unit-tests-s2-s5-s6\tests\S6ServiceSpecialityRoomClinicTest.php" line="350" assertions="2" time="0.000940"/>
        <testcase name="test_TC_S6_21_servicesGetAll_returnsSeededService" class="UmbrellaTests\S6ServiceSpecialityRoomClinicTest" classname="UmbrellaTests.S6ServiceSpecialityRoomClinicTest" file="C:\laragon\www\umbrella-unit-tests-s2-s5-s6\tests\S6ServiceSpecialityRoomClinicTest.php" line="368" assertions="5" time="0.001044"/>
        <testcase name="test_TC_S6_22_servicesGetAll_searchPrefix_filters" class="UmbrellaTests\S6ServiceSpecialityRoomClinicTest" classname="UmbrellaTests.S6ServiceSpecialityRoomClinicTest" file="C:\laragon\www\umbrella-unit-tests-s2-s5-s6\tests\S6ServiceSpecialityRoomClinicTest.php" line="383" assertions="2" time="0.001019"/>
        <testcase name="test_TC_S6_23_servicesGetAll_lengthOne_returnsAtMostOne" class="UmbrellaTests\S6ServiceSpecialityRoomClinicTest" classname="UmbrellaTests.S6ServiceSpecialityRoomClinicTest" file="C:\laragon\www\umbrella-unit-tests-s2-s5-s6\tests\S6ServiceSpecialityRoomClinicTest.php" line="399" assertions="3" time="0.001144"/>
        <testcase name="test_TC_S6_24_servicesSave_missingName_returnsMissingField" class="UmbrellaTests\S6ServiceSpecialityRoomClinicTest" classname="UmbrellaTests.S6ServiceSpecialityRoomClinicTest" file="C:\laragon\www\umbrella-unit-tests-s2-s5-s6\tests\S6ServiceSpecialityRoomClinicTest.php" line="412" assertions="2" time="0.000766"/>
        <testcase name="test_TC_S6_25_servicesSave_member_forbidden" class="UmbrellaTests\S6ServiceSpecialityRoomClinicTest" classname="UmbrellaTests.S6ServiceSpecialityRoomClinicTest" file="C:\laragon\www\umbrella-unit-tests-s2-s5-s6\tests\S6ServiceSpecialityRoomClinicTest.php" line="425" assertions="1" time="0.000706"/>
        <testcase name="test_TC_S6_26_servicesSave_returnsCreatedPayload" class="UmbrellaTests\S6ServiceSpecialityRoomClinicTest" classname="UmbrellaTests.S6ServiceSpecialityRoomClinicTest" file="C:\laragon\www\umbrella-unit-tests-s2-s5-s6\tests\S6ServiceSpecialityRoomClinicTest.php" line="440" assertions="3" time="0.000959"/>
        <testcase name="test_TC_S6_27_serviceGetById_missingRouteId_returnsError" class="UmbrellaTests\S6ServiceSpecialityRoomClinicTest" classname="UmbrellaTests.S6ServiceSpecialityRoomClinicTest" file="C:\laragon\www\umbrella-unit-tests-s2-s5-s6\tests\S6ServiceSpecialityRoomClinicTest.php" line="459" assertions="2" time="0.000753"/>
        <testcase name="test_TC_S6_28_serviceGetById_returnsDescriptionAndImage" class="UmbrellaTests\S6ServiceSpecialityRoomClinicTest" classname="UmbrellaTests.S6ServiceSpecialityRoomClinicTest" file="C:\laragon\www\umbrella-unit-tests-s2-s5-s6\tests\S6ServiceSpecialityRoomClinicTest.php" line="474" assertions="3" time="0.000898"/>
        <testcase name="test_TC_S6_29_serviceUpdate_admin_valid_returnsSuccess" class="UmbrellaTests\S6ServiceSpecialityRoomClinicTest" classname="UmbrellaTests.S6ServiceSpecialityRoomClinicTest" file="C:\laragon\www\umbrella-unit-tests-s2-s5-s6\tests\S6ServiceSpecialityRoomClinicTest.php" line="491" assertions="2" time="0.000981"/>
        <testcase name="test_TC_S6_30_serviceUpdate_member_forbidden" class="UmbrellaTests\S6ServiceSpecialityRoomClinicTest" classname="UmbrellaTests.S6ServiceSpecialityRoomClinicTest" file="C:\laragon\www\umbrella-unit-tests-s2-s5-s6\tests\S6ServiceSpecialityRoomClinicTest.php" line="511" assertions="1" time="0.000721"/>
        <testcase name="test_TC_S6_31_serviceUpdate_missingDescription_returnsMissingField" class="UmbrellaTests\S6ServiceSpecialityRoomClinicTest" classname="UmbrellaTests.S6ServiceSpecialityRoomClinicTest" file="C:\laragon\www\umbrella-unit-tests-s2-s5-s6\tests\S6ServiceSpecialityRoomClinicTest.php" line="530" assertions="2" time="0.000719"/>
        <testcase name="test_TC_S6_32_serviceUpdate_unknownId_returnsNotAvailable" class="UmbrellaTests\S6ServiceSpecialityRoomClinicTest" classname="UmbrellaTests.S6ServiceSpecialityRoomClinicTest" file="C:\laragon\www\umbrella-unit-tests-s2-s5-s6\tests\S6ServiceSpecialityRoomClinicTest.php" line="547" assertions="1" time="0.000809"/>
        <testcase name="test_TC_S6_33_serviceDelete_defaultService_blocked" class="UmbrellaTests\S6ServiceSpecialityRoomClinicTest" classname="UmbrellaTests.S6ServiceSpecialityRoomClinicTest" file="C:\laragon\www\umbrella-unit-tests-s2-s5-s6\tests\S6ServiceSpecialityRoomClinicTest.php" line="566" assertions="2" time="0.000701"/>
        <testcase name="test_TC_S6_34_serviceDelete_member_forbidden" class="UmbrellaTests\S6ServiceSpecialityRoomClinicTest" classname="UmbrellaTests.S6ServiceSpecialityRoomClinicTest" file="C:\laragon\www\umbrella-unit-tests-s2-s5-s6\tests\S6ServiceSpecialityRoomClinicTest.php" line="582" assertions="1" time="0.000692"/>
        <testcase name="test_TC_S6_35_serviceDelete_whenBookingExists_blocked" class="UmbrellaTests\S6ServiceSpecialityRoomClinicTest" classname="UmbrellaTests.S6ServiceSpecialityRoomClinicTest" file="C:\laragon\www\umbrella-unit-tests-s2-s5-s6\tests\S6ServiceSpecialityRoomClinicTest.php" line="600" assertions="2" time="0.000923"/>
        <testcase name="test_TC_S6_36_serviceDelete_whenDoctorLinked_blocked" class="UmbrellaTests\S6ServiceSpecialityRoomClinicTest" classname="UmbrellaTests.S6ServiceSpecialityRoomClinicTest" file="C:\laragon\www\umbrella-unit-tests-s2-s5-s6\tests\S6ServiceSpecialityRoomClinicTest.php" line="622" assertions="2" time="0.000997"/>
        <testcase name="test_TC_S6_37_serviceDelete_unusedService_ok" class="UmbrellaTests\S6ServiceSpecialityRoomClinicTest" classname="UmbrellaTests.S6ServiceSpecialityRoomClinicTest" file="C:\laragon\www\umbrella-unit-tests-s2-s5-s6\tests\S6ServiceSpecialityRoomClinicTest.php" line="642" assertions="2" time="0.001131"/>
        <testcase name="test_TC_S6_38_serviceDelete_unknownId_returnsNotAvailable" class="UmbrellaTests\S6ServiceSpecialityRoomClinicTest" classname="UmbrellaTests.S6ServiceSpecialityRoomClinicTest" file="C:\laragon\www\umbrella-unit-tests-s2-s5-s6\tests\S6ServiceSpecialityRoomClinicTest.php" line="661" assertions="1" time="0.000767"/>
        <testcase name="test_TC_S6_59_serviceUpdateAvatar_noFile_returnsError" class="UmbrellaTests\S6ServiceSpecialityRoomClinicTest" classname="UmbrellaTests.S6ServiceSpecialityRoomClinicTest" file="C:\laragon\www\umbrella-unit-tests-s2-s5-s6\tests\S6ServiceSpecialityRoomClinicTest.php" line="676" assertions="2" time="0.000875"/>
        <testcase name="test_TC_S6_76_servicesProcess_get_dispatchesToGetAll" class="UmbrellaTests\S6ServiceSpecialityRoomClinicTest" classname="UmbrellaTests.S6ServiceSpecialityRoomClinicTest" file="C:\laragon\www\umbrella-unit-tests-s2-s5-s6\tests\S6ServiceSpecialityRoomClinicTest.php" line="701" assertions="2" time="0.000939"/>
        <testcase name="test_TC_S6_77_specialitiesProcess_get_dispatchesToGetAll" class="UmbrellaTests\S6ServiceSpecialityRoomClinicTest" classname="UmbrellaTests.S6ServiceSpecialityRoomClinicTest" file="C:\laragon\www\umbrella-unit-tests-s2-s5-s6\tests\S6ServiceSpecialityRoomClinicTest.php" line="721" assertions="2" time="0.001277"/>
        <testcase name="test_TC_S6_78_roomsProcess_get_dispatchesToGetAll" class="UmbrellaTests\S6ServiceSpecialityRoomClinicTest" classname="UmbrellaTests.S6ServiceSpecialityRoomClinicTest" file="C:\laragon\www\umbrella-unit-tests-s2-s5-s6\tests\S6ServiceSpecialityRoomClinicTest.php" line="741" assertions="2" time="0.001260"/>
        <testcase name="test_TC_S6_79_clinicsProcess_get_dispatchesToGetAll" class="UmbrellaTests\S6ServiceSpecialityRoomClinicTest" classname="UmbrellaTests.S6ServiceSpecialityRoomClinicTest" file="C:\laragon\www\umbrella-unit-tests-s2-s5-s6\tests\S6ServiceSpecialityRoomClinicTest.php" line="761" assertions="2" time="0.001024"/>
        <testcase name="test_TC_S6_39_servicesGetAll_searchNoMatch_returnsEmptyData" class="UmbrellaTests\S6ServiceSpecialityRoomClinicTest" classname="UmbrellaTests.S6ServiceSpecialityRoomClinicTest" file="C:\laragon\www\umbrella-unit-tests-s2-s5-s6\tests\S6ServiceSpecialityRoomClinicTest.php" line="781" assertions="3" time="0.001091"/>
        <testcase name="test_TC_S6_40_servicesSave_emptyStringName_treatedAsMissing" class="UmbrellaTests\S6ServiceSpecialityRoomClinicTest" classname="UmbrellaTests.S6ServiceSpecialityRoomClinicTest" file="C:\laragon\www\umbrella-unit-tests-s2-s5-s6\tests\S6ServiceSpecialityRoomClinicTest.php" line="795" assertions="1" time="0.000930"/>
        <testcase name="test_TC_S6_41_regreport_servicesGetAll_quantityEqualsPageSize" class="UmbrellaTests\S6ServiceSpecialityRoomClinicTest" classname="UmbrellaTests.S6ServiceSpecialityRoomClinicTest" file="C:\laragon\www\umbrella-unit-tests-s2-s5-s6\tests\S6ServiceSpecialityRoomClinicTest.php" line="814" assertions="3" time="0.000957"/>
        <testcase name="test_TC_S6_42_servicesGetAll_memberMustBeForbidden" class="UmbrellaTests\S6ServiceSpecialityRoomClinicTest" classname="UmbrellaTests.S6ServiceSpecialityRoomClinicTest" file="C:\laragon\www\umbrella-unit-tests-s2-s5-s6\tests\S6ServiceSpecialityRoomClinicTest.php" line="837" assertions="1" time="0.000968">
          <failure type="PHPUnit\Framework\ExpectationFailedException">UmbrellaTests\S6ServiceSpecialityRoomClinicTest::test_TC_S6_42_servicesGetAll_memberMustBeForbidden
BUG NGHIỆP VỤ: member không được phép list services qua endpoint quản trị.
Failed asserting that 1 is identical to 0.

C:\laragon\www\umbrella-unit-tests-s2-s5-s6\tests\S6ServiceSpecialityRoomClinicTest.php:848
phpvfscomposer://C:\laragon\www\umbrella-unit-tests-s2-s5-s6\vendor\phpunit\phpunit\phpunit:106</failure>
        </testcase>
        <testcase name="test_TC_S6_43_specialitiesGetAll_memberMustBeForbidden" class="UmbrellaTests\S6ServiceSpecialityRoomClinicTest" classname="UmbrellaTests.S6ServiceSpecialityRoomClinicTest" file="C:\laragon\www\umbrella-unit-tests-s2-s5-s6\tests\S6ServiceSpecialityRoomClinicTest.php" line="858" assertions="1" time="0.001088">
          <failure type="PHPUnit\Framework\ExpectationFailedException">UmbrellaTests\S6ServiceSpecialityRoomClinicTest::test_TC_S6_43_specialitiesGetAll_memberMustBeForbidden
BUG NGHIỆP VỤ: member không được phép list specialities qua endpoint quản trị.
Failed asserting that 1 is identical to 0.

C:\laragon\www\umbrella-unit-tests-s2-s5-s6\tests\S6ServiceSpecialityRoomClinicTest.php:869
phpvfscomposer://C:\laragon\www\umbrella-unit-tests-s2-s5-s6\vendor\phpunit\phpunit\phpunit:106</failure>
        </testcase>
        <testcase name="test_TC_S6_44_specialitiesGetAll_admin_returnsQuantityAndDoctorCount" class="UmbrellaTests\S6ServiceSpecialityRoomClinicTest" classname="UmbrellaTests.S6ServiceSpecialityRoomClinicTest" file="C:\laragon\www\umbrella-unit-tests-s2-s5-s6\tests\S6ServiceSpecialityRoomClinicTest.php" line="873" assertions="5" time="0.001078"/>
        <testcase name="test_TC_S6_45_specialityDelete_defaultSpeciality_blocked" class="UmbrellaTests\S6ServiceSpecialityRoomClinicTest" classname="UmbrellaTests.S6ServiceSpecialityRoomClinicTest" file="C:\laragon\www\umbrella-unit-tests-s2-s5-s6\tests\S6ServiceSpecialityRoomClinicTest.php" line="888" assertions="2" time="0.000855"/>
        <testcase name="test_TC_S6_46_specialityDelete_unknownId_returnsNotAvailable" class="UmbrellaTests\S6ServiceSpecialityRoomClinicTest" classname="UmbrellaTests.S6ServiceSpecialityRoomClinicTest" file="C:\laragon\www\umbrella-unit-tests-s2-s5-s6\tests\S6ServiceSpecialityRoomClinicTest.php" line="905" assertions="2" time="0.000900"/>
        <testcase name="test_TC_S6_47_roomsGetAll_adminFilterBySpeciality_returnsRows" class="UmbrellaTests\S6ServiceSpecialityRoomClinicTest" classname="UmbrellaTests.S6ServiceSpecialityRoomClinicTest" file="C:\laragon\www\umbrella-unit-tests-s2-s5-s6\tests\S6ServiceSpecialityRoomClinicTest.php" line="922" assertions="4" time="0.001266"/>
        <testcase name="test_TC_S6_48_roomUpdate_admin_valid_updatesDb" class="UmbrellaTests\S6ServiceSpecialityRoomClinicTest" classname="UmbrellaTests.S6ServiceSpecialityRoomClinicTest" file="C:\laragon\www\umbrella-unit-tests-s2-s5-s6\tests\S6ServiceSpecialityRoomClinicTest.php" line="939" assertions="3" time="0.001443"/>
        <testcase name="test_TC_S6_49_roomDelete_whenDoctorsLinked_blocked" class="UmbrellaTests\S6ServiceSpecialityRoomClinicTest" classname="UmbrellaTests.S6ServiceSpecialityRoomClinicTest" file="C:\laragon\www\umbrella-unit-tests-s2-s5-s6\tests\S6ServiceSpecialityRoomClinicTest.php" line="962" assertions="2" time="0.001053"/>
        <testcase name="test_TC_S6_50_clinicsGetAll_quantityShouldBeTotalBeforeLimit" class="UmbrellaTests\S6ServiceSpecialityRoomClinicTest" classname="UmbrellaTests.S6ServiceSpecialityRoomClinicTest" file="C:\laragon\www\umbrella-unit-tests-s2-s5-s6\tests\S6ServiceSpecialityRoomClinicTest.php" line="985" assertions="3" time="0.001212">
          <failure type="PHPUnit\Framework\ExpectationFailedException">UmbrellaTests\S6ServiceSpecialityRoomClinicTest::test_TC_S6_50_clinicsGetAll_quantityShouldBeTotalBeforeLimit
BUG NGHIEP VU: quantity phai la tong clinic truoc LIMIT de frontend phan trang dung.
Failed asserting that 1 is identical to 3.

C:\laragon\www\umbrella-unit-tests-s2-s5-s6\tests\S6ServiceSpecialityRoomClinicTest.php:1003
phpvfscomposer://C:\laragon\www\umbrella-unit-tests-s2-s5-s6\vendor\phpunit\phpunit\phpunit:106</failure>
        </testcase>
        <testcase name="test_TC_S6_51_clinicUpdate_admin_valid_updatesDb" class="UmbrellaTests\S6ServiceSpecialityRoomClinicTest" classname="UmbrellaTests.S6ServiceSpecialityRoomClinicTest" file="C:\laragon\www\umbrella-unit-tests-s2-s5-s6\tests\S6ServiceSpecialityRoomClinicTest.php" line="1008" assertions="3" time="0.001300"/>
        <testcase name="test_TC_S6_52_clinicDelete_unusedClinic_shouldSucceed" class="UmbrellaTests\S6ServiceSpecialityRoomClinicTest" classname="UmbrellaTests.S6ServiceSpecialityRoomClinicTest" file="C:\laragon\www\umbrella-unit-tests-s2-s5-s6\tests\S6ServiceSpecialityRoomClinicTest.php" line="1034" assertions="1" time="0.001148">
          <failure type="PHPUnit\Framework\AssertionFailedError">UmbrellaTests\S6ServiceSpecialityRoomClinicTest::test_TC_S6_52_clinicDelete_unusedClinic_shouldSucceed
BUG NGHIEP VU: clinic khong co rang buoc doctor thi phai xoa duoc, nhung controller dang loi schema/query: SQLSTATE[HY000]: General error: 1 no such column: tn_doctors.Clinic_id

C:\laragon\www\umbrella-unit-tests-s2-s5-s6\tests\S6ServiceSpecialityRoomClinicTest.php:1052
phpvfscomposer://C:\laragon\www\umbrella-unit-tests-s2-s5-s6\vendor\phpunit\phpunit\phpunit:106</failure>
        </testcase>
        <testcase name="test_TC_S6_53_clinicsGetAll_memberForbidden" class="UmbrellaTests\S6ServiceSpecialityRoomClinicTest" classname="UmbrellaTests.S6ServiceSpecialityRoomClinicTest" file="C:\laragon\www\umbrella-unit-tests-s2-s5-s6\tests\S6ServiceSpecialityRoomClinicTest.php" line="1066" assertions="2" time="0.000727"/>
        <testcase name="test_TC_S6_54_specialityProcess_get_dispatchesToGetById" class="UmbrellaTests\S6ServiceSpecialityRoomClinicTest" classname="UmbrellaTests.S6ServiceSpecialityRoomClinicTest" file="C:\laragon\www\umbrella-unit-tests-s2-s5-s6\tests\S6ServiceSpecialityRoomClinicTest.php" line="1079" assertions="2" time="0.000841"/>
        <testcase name="test_TC_S6_55_roomProcess_get_dispatchesToGetById" class="UmbrellaTests\S6ServiceSpecialityRoomClinicTest" classname="UmbrellaTests.S6ServiceSpecialityRoomClinicTest" file="C:\laragon\www\umbrella-unit-tests-s2-s5-s6\tests\S6ServiceSpecialityRoomClinicTest.php" line="1103" assertions="2" time="0.000887"/>
        <testcase name="test_TC_S6_56_clinicProcess_get_dispatchesToGetById" class="UmbrellaTests\S6ServiceSpecialityRoomClinicTest" classname="UmbrellaTests.S6ServiceSpecialityRoomClinicTest" file="C:\laragon\www\umbrella-unit-tests-s2-s5-s6\tests\S6ServiceSpecialityRoomClinicTest.php" line="1127" assertions="2" time="0.000840"/>
        <testcase name="test_TC_S6_57_serviceProcess_get_dispatchesToGetById" class="UmbrellaTests\S6ServiceSpecialityRoomClinicTest" classname="UmbrellaTests.S6ServiceSpecialityRoomClinicTest" file="C:\laragon\www\umbrella-unit-tests-s2-s5-s6\tests\S6ServiceSpecialityRoomClinicTest.php" line="1151" assertions="2" time="0.001065"/>
      </testsuite>
    </testsuite>
  </testsuite>
</testsuites>
